#
# There is insufficient memory for the Java Runtime Environment to continue.
# Native memory allocation (mmap) failed to map 65536 bytes for Failed to commit metaspace.
# Possible reasons:
#   The system is out of physical RAM or swap space
#   The process is running with CompressedOops enabled, and the Java Heap may be blocking the growth of the native heap
# Possible solutions:
#   Reduce memory load on the system
#   Increase physical memory or swap space
#   Check if swap backing store is full
#   Decrease Java heap size (-Xmx/-Xms)
#   Decrease number of Java threads
#   Decrease Java thread stack sizes (-Xss)
#   Set larger code cache with -XX:ReservedCodeCacheSize=
#   JVM is running with Unscaled Compressed Oops mode in which the Java heap is
#     placed in the first 4GB address space. The Java Heap base address is the
#     maximum limit for the native heap growth. Please use -XX:HeapBaseMinAddress
#     to set the Java Heap base and to place the Java Heap above 4GB virtual address.
# This output file may be truncated or incomplete.
#
#  Out of Memory Error (virtualSpaceNode.cpp:108), pid=4808, tid=22828
#
# JRE version: OpenJDK Runtime Environment (16.0.2+7) (build 16.0.2+7-67)
# Java VM: OpenJDK 64-Bit Server VM (16.0.2+7-67, mixed mode, tiered, compressed oops, compressed class ptrs, g1 gc, windows-amd64)
# No core dump will be written. Minidumps are not enabled by default on client versions of Windows
#

---------------  S U M M A R Y ------------

Command Line: -Dfile.encoding=Cp1252 -XX:+ShowCodeDetailsInExceptionMessages main.Main

Host: AMD Ryzen 7 3700U with Radeon Vega Mobile Gfx  , 8 cores, 6G,  Windows 10 , 64 bit Build 19041 (10.0.19041.1202)
Time: Tue Nov 30 11:23:07 2021 Paris, Madrid elapsed time: 0.137007 seconds (0d 0h 0m 0s)

---------------  T H R E A D  ---------------

Current thread (0x000001b91de1ac80):  JavaThread "main" [_thread_in_vm, id=22828, stack(0x00000023e8900000,0x00000023e8a00000)]

Stack: [0x00000023e8900000,0x00000023e8a00000]
Native frames: (J=compiled Java code, j=interpreted, Vv=VM code, C=native code)
V  [jvm.dll+0x6681ca]
V  [jvm.dll+0x7c9e69]
V  [jvm.dll+0x7cb61e]
V  [jvm.dll+0x7cbc73]
V  [jvm.dll+0x242c55]
V  [jvm.dll+0x7c64eb]
V  [jvm.dll+0x60ddd6]
V  [jvm.dll+0x60de3a]
V  [jvm.dll+0x61046a]
V  [jvm.dll+0x60e6d1]
V  [jvm.dll+0x618d97]
V  [jvm.dll+0x1e97ef]
V  [jvm.dll+0x1e9d25]
V  [jvm.dll+0x1ea8af]
V  [jvm.dll+0x1df631]
V  [jvm.dll+0x535ff8]
V  [jvm.dll+0x1f0d52]
V  [jvm.dll+0x741863]
V  [jvm.dll+0x743108]
V  [jvm.dll+0x743433]
V  [jvm.dll+0x23ab24]
V  [jvm.dll+0x23adc2]
V  [jvm.dll+0x551c68]
V  [jvm.dll+0x554ab0]
V  [jvm.dll+0x37999e]
V  [jvm.dll+0x378fdf]
C  0x000001b9213bb022

Java frames: (J=compiled Java code, j=interpreted, Vv=VM code)
j  sun.nio.cs.StreamEncoder.implWrite([CII)V+3 java.base@16.0.2
j  sun.nio.cs.StreamEncoder.write([CII)V+60 java.base@16.0.2
j  java.io.OutputStreamWriter.write([CII)V+7 java.base@16.0.2
j  java.io.BufferedWriter.flushBuffer()V+34 java.base@16.0.2
j  java.io.PrintStream.writeln(Ljava/lang/String;)V+27 java.base@16.0.2
j  java.io.PrintStream.println(Ljava/lang/String;)V+14 java.base@16.0.2
j  game.Menu.menuModeGame()I+10
j  game.Game.startGame()V+170
j  main.Main.main([Ljava/lang/String;)V+8
v  ~StubRoutines::call_stub

---------------  P R O C E S S  ---------------

Threads class SMR info:
_java_thread_list=0x000001b937e69a10, length=12, elements={
0x000001b91de1ac80, 0x000001b937307410, 0x000001b9373081e0, 0x000001b937d314b0,
0x000001b937d33dd0, 0x000001b937d346e0, 0x000001b937d34ff0, 0x000001b937d41140,
0x000001b937d41a90, 0x000001b937d467f0, 0x000001b937e98bb0, 0x000001b937ea3800
}

Java Threads: ( => current thread )
=>0x000001b91de1ac80 JavaThread "main" [_thread_in_vm, id=22828, stack(0x00000023e8900000,0x00000023e8a00000)]
  0x000001b937307410 JavaThread "Reference Handler" daemon [_thread_blocked, id=26876, stack(0x00000023e9000000,0x00000023e9100000)]
  0x000001b9373081e0 JavaThread "Finalizer" daemon [_thread_blocked, id=31824, stack(0x00000023e9100000,0x00000023e9200000)]
  0x000001b937d314b0 JavaThread "Signal Dispatcher" daemon [_thread_blocked, id=17568, stack(0x00000023e9200000,0x00000023e9300000)]
  0x000001b937d33dd0 JavaThread "Attach Listener" daemon [_thread_blocked, id=22136, stack(0x00000023e9300000,0x00000023e9400000)]
  0x000001b937d346e0 JavaThread "Service Thread" daemon [_thread_blocked, id=19120, stack(0x00000023e9400000,0x00000023e9500000)]
  0x000001b937d34ff0 JavaThread "Monitor Deflation Thread" daemon [_thread_blocked, id=25756, stack(0x00000023e9500000,0x00000023e9600000)]
  0x000001b937d41140 JavaThread "C2 CompilerThread0" daemon [_thread_blocked, id=16724, stack(0x00000023e9600000,0x00000023e9700000)]
  0x000001b937d41a90 JavaThread "C1 CompilerThread0" daemon [_thread_blocked, id=21032, stack(0x00000023e9700000,0x00000023e9800000)]
  0x000001b937d467f0 JavaThread "Sweeper thread" daemon [_thread_blocked, id=11444, stack(0x00000023e9800000,0x00000023e9900000)]
  0x000001b937e98bb0 JavaThread "Notification Thread" daemon [_thread_blocked, id=27872, stack(0x00000023e9900000,0x00000023e9a00000)]
  0x000001b937ea3800 JavaThread "Common-Cleaner" daemon [_thread_blocked, id=18384, stack(0x00000023e9b00000,0x00000023e9c00000)]

Other Threads:
  0x000001b9372f2f50 VMThread "VM Thread" [stack: 0x00000023e8f00000,0x00000023e9000000] [id=36824]
  0x000001b937e994e0 WatcherThread [stack: 0x00000023e9a00000,0x00000023e9b00000] [id=16176]
  0x000001b91de58190 GCTaskThread "GC Thread#0" [stack: 0x00000023e8a00000,0x00000023e8b00000] [id=29956]
  0x000001b91de67680 ConcurrentGCThread "G1 Main Marker" [stack: 0x00000023e8b00000,0x00000023e8c00000] [id=22704]
  0x000001b91de69010 ConcurrentGCThread "G1 Conc#0" [stack: 0x00000023e8c00000,0x00000023e8d00000] [id=26188]
  0x000001b91dee10f0 ConcurrentGCThread "G1 Refine#0" [stack: 0x00000023e8d00000,0x00000023e8e00000] [id=10960]
  0x000001b91dee1a80 ConcurrentGCThread "G1 Service" [stack: 0x00000023e8e00000,0x00000023e8f00000] [id=3352]

Threads with active compile tasks:

VM state: not at safepoint (normal execution)

VM Mutex/Monitor currently owned by a thread:  ([mutex/lock_event])
[0x000001b91de16650] MetaspaceExpand_lock - owner thread: 0x000001b91de1ac80

Heap address: 0x0000000091000000, size: 1776 MB, Compressed Oops mode: 32-bit

CDS disabled.
Compressed class space mapped at: 0x0000000100000000-0x0000000140000000, reserved size: 1073741824
Narrow klass base: 0x0000000000000000, Narrow klass shift: 3, Narrow klass range: 0x140000000

GC Precious Log:
 CPUs: 8 total, 8 available
 Memory: 7103M
 Large Page Support: Disabled
 NUMA Support: Disabled
 Compressed Oops: Enabled (32-bit)
 Heap Region Size: 1M
 Heap Min Capacity: 8M
 Heap Initial Capacity: 112M
 Heap Max Capacity: 1776M
 Pre-touch: Disabled
 Parallel Workers: 8
 Concurrent Workers: 2
 Concurrent Refinement Workers: 8
 Periodic GC: Disabled

Heap:
 garbage-first heap   total 114688K, used 1024K [0x0000000091000000, 0x0000000100000000)
  region size 1024K, 2 young (2048K), 0 survivors (0K)
 Metaspace       used 3852K, committed 3968K, reserved 1056768K
  class space    used 315K, committed 384K, reserved 1048576K

Heap Regions: E=young(eden), S=young(survivor), O=old, HS=humongous(starts), HC=humongous(continues), CS=collection set, F=free, OA=open archive, CA=closed archive, TAMS=top-at-mark-start (previous, next)
|   0|0x0000000091000000, 0x0000000091000000, 0x0000000091100000|  0%| F|  |TAMS 0x0000000091000000, 0x0000000091000000| Untracked 
|   1|0x0000000091100000, 0x0000000091100000, 0x0000000091200000|  0%| F|  |TAMS 0x0000000091100000, 0x0000000091100000| Untracked 
|   2|0x0000000091200000, 0x0000000091200000, 0x0000000091300000|  0%| F|  |TAMS 0x0000000091200000, 0x0000000091200000| Untracked 
|   3|0x0000000091300000, 0x0000000091300000, 0x0000000091400000|  0%| F|  |TAMS 0x0000000091300000, 0x0000000091300000| Untracked 
|   4|0x0000000091400000, 0x0000000091400000, 0x0000000091500000|  0%| F|  |TAMS 0x0000000091400000, 0x0000000091400000| Untracked 
|   5|0x0000000091500000, 0x0000000091500000, 0x0000000091600000|  0%| F|  |TAMS 0x0000000091500000, 0x0000000091500000| Untracked 
|   6|0x0000000091600000, 0x0000000091600000, 0x0000000091700000|  0%| F|  |TAMS 0x0000000091600000, 0x0000000091600000| Untracked 
|   7|0x0000000091700000, 0x0000000091700000, 0x0000000091800000|  0%| F|  |TAMS 0x0000000091700000, 0x0000000091700000| Untracked 
|   8|0x0000000091800000, 0x0000000091800000, 0x0000000091900000|  0%| F|  |TAMS 0x0000000091800000, 0x0000000091800000| Untracked 
|   9|0x0000000091900000, 0x0000000091900000, 0x0000000091a00000|  0%| F|  |TAMS 0x0000000091900000, 0x0000000091900000| Untracked 
|  10|0x0000000091a00000, 0x0000000091a00000, 0x0000000091b00000|  0%| F|  |TAMS 0x0000000091a00000, 0x0000000091a00000| Untracked 
|  11|0x0000000091b00000, 0x0000000091b00000, 0x0000000091c00000|  0%| F|  |TAMS 0x0000000091b00000, 0x0000000091b00000| Untracked 
|  12|0x0000000091c00000, 0x0000000091c00000, 0x0000000091d00000|  0%| F|  |TAMS 0x0000000091c00000, 0x0000000091c00000| Untracked 
|  13|0x0000000091d00000, 0x0000000091d00000, 0x0000000091e00000|  0%| F|  |TAMS 0x0000000091d00000, 0x0000000091d00000| Untracked 
|  14|0x0000000091e00000, 0x0000000091e00000, 0x0000000091f00000|  0%| F|  |TAMS 0x0000000091e00000, 0x0000000091e00000| Untracked 
|  15|0x0000000091f00000, 0x0000000091f00000, 0x0000000092000000|  0%| F|  |TAMS 0x0000000091f00000, 0x0000000091f00000| Untracked 
|  16|0x0000000092000000, 0x0000000092000000, 0x0000000092100000|  0%| F|  |TAMS 0x0000000092000000, 0x0000000092000000| Untracked 
|  17|0x0000000092100000, 0x0000000092100000, 0x0000000092200000|  0%| F|  |TAMS 0x0000000092100000, 0x0000000092100000| Untracked 
|  18|0x0000000092200000, 0x0000000092200000, 0x0000000092300000|  0%| F|  |TAMS 0x0000000092200000, 0x0000000092200000| Untracked 
|  19|0x0000000092300000, 0x0000000092300000, 0x0000000092400000|  0%| F|  |TAMS 0x0000000092300000, 0x0000000092300000| Untracked 
|  20|0x0000000092400000, 0x0000000092400000, 0x0000000092500000|  0%| F|  |TAMS 0x0000000092400000, 0x0000000092400000| Untracked 
|  21|0x0000000092500000, 0x0000000092500000, 0x0000000092600000|  0%| F|  |TAMS 0x0000000092500000, 0x0000000092500000| Untracked 
|  22|0x0000000092600000, 0x0000000092600000, 0x0000000092700000|  0%| F|  |TAMS 0x0000000092600000, 0x0000000092600000| Untracked 
|  23|0x0000000092700000, 0x0000000092700000, 0x0000000092800000|  0%| F|  |TAMS 0x0000000092700000, 0x0000000092700000| Untracked 
|  24|0x0000000092800000, 0x0000000092800000, 0x0000000092900000|  0%| F|  |TAMS 0x0000000092800000, 0x0000000092800000| Untracked 
|  25|0x0000000092900000, 0x0000000092900000, 0x0000000092a00000|  0%| F|  |TAMS 0x0000000092900000, 0x0000000092900000| Untracked 
|  26|0x0000000092a00000, 0x0000000092a00000, 0x0000000092b00000|  0%| F|  |TAMS 0x0000000092a00000, 0x0000000092a00000| Untracked 
|  27|0x0000000092b00000, 0x0000000092b00000, 0x0000000092c00000|  0%| F|  |TAMS 0x0000000092b00000, 0x0000000092b00000| Untracked 
|  28|0x0000000092c00000, 0x0000000092c00000, 0x0000000092d00000|  0%| F|  |TAMS 0x0000000092c00000, 0x0000000092c00000| Untracked 
|  29|0x0000000092d00000, 0x0000000092d00000, 0x0000000092e00000|  0%| F|  |TAMS 0x0000000092d00000, 0x0000000092d00000| Untracked 
|  30|0x0000000092e00000, 0x0000000092e00000, 0x0000000092f00000|  0%| F|  |TAMS 0x0000000092e00000, 0x0000000092e00000| Untracked 
|  31|0x0000000092f00000, 0x0000000092f00000, 0x0000000093000000|  0%| F|  |TAMS 0x0000000092f00000, 0x0000000092f00000| Untracked 
|  32|0x0000000093000000, 0x0000000093000000, 0x0000000093100000|  0%| F|  |TAMS 0x0000000093000000, 0x0000000093000000| Untracked 
|  33|0x0000000093100000, 0x0000000093100000, 0x0000000093200000|  0%| F|  |TAMS 0x0000000093100000, 0x0000000093100000| Untracked 
|  34|0x0000000093200000, 0x0000000093200000, 0x0000000093300000|  0%| F|  |TAMS 0x0000000093200000, 0x0000000093200000| Untracked 
|  35|0x0000000093300000, 0x0000000093300000, 0x0000000093400000|  0%| F|  |TAMS 0x0000000093300000, 0x0000000093300000| Untracked 
|  36|0x0000000093400000, 0x0000000093400000, 0x0000000093500000|  0%| F|  |TAMS 0x0000000093400000, 0x0000000093400000| Untracked 
|  37|0x0000000093500000, 0x0000000093500000, 0x0000000093600000|  0%| F|  |TAMS 0x0000000093500000, 0x0000000093500000| Untracked 
|  38|0x0000000093600000, 0x0000000093600000, 0x0000000093700000|  0%| F|  |TAMS 0x0000000093600000, 0x0000000093600000| Untracked 
|  39|0x0000000093700000, 0x0000000093700000, 0x0000000093800000|  0%| F|  |TAMS 0x0000000093700000, 0x0000000093700000| Untracked 
|  40|0x0000000093800000, 0x0000000093800000, 0x0000000093900000|  0%| F|  |TAMS 0x0000000093800000, 0x0000000093800000| Untracked 
|  41|0x0000000093900000, 0x0000000093900000, 0x0000000093a00000|  0%| F|  |TAMS 0x0000000093900000, 0x0000000093900000| Untracked 
|  42|0x0000000093a00000, 0x0000000093a00000, 0x0000000093b00000|  0%| F|  |TAMS 0x0000000093a00000, 0x0000000093a00000| Untracked 
|  43|0x0000000093b00000, 0x0000000093b00000, 0x0000000093c00000|  0%| F|  |TAMS 0x0000000093b00000, 0x0000000093b00000| Untracked 
|  44|0x0000000093c00000, 0x0000000093c00000, 0x0000000093d00000|  0%| F|  |TAMS 0x0000000093c00000, 0x0000000093c00000| Untracked 
|  45|0x0000000093d00000, 0x0000000093d00000, 0x0000000093e00000|  0%| F|  |TAMS 0x0000000093d00000, 0x0000000093d00000| Untracked 
|  46|0x0000000093e00000, 0x0000000093e00000, 0x0000000093f00000|  0%| F|  |TAMS 0x0000000093e00000, 0x0000000093e00000| Untracked 
|  47|0x0000000093f00000, 0x0000000093f00000, 0x0000000094000000|  0%| F|  |TAMS 0x0000000093f00000, 0x0000000093f00000| Untracked 
|  48|0x0000000094000000, 0x0000000094000000, 0x0000000094100000|  0%| F|  |TAMS 0x0000000094000000, 0x0000000094000000| Untracked 
|  49|0x0000000094100000, 0x0000000094100000, 0x0000000094200000|  0%| F|  |TAMS 0x0000000094100000, 0x0000000094100000| Untracked 
|  50|0x0000000094200000, 0x0000000094200000, 0x0000000094300000|  0%| F|  |TAMS 0x0000000094200000, 0x0000000094200000| Untracked 
|  51|0x0000000094300000, 0x0000000094300000, 0x0000000094400000|  0%| F|  |TAMS 0x0000000094300000, 0x0000000094300000| Untracked 
|  52|0x0000000094400000, 0x0000000094400000, 0x0000000094500000|  0%| F|  |TAMS 0x0000000094400000, 0x0000000094400000| Untracked 
|  53|0x0000000094500000, 0x0000000094500000, 0x0000000094600000|  0%| F|  |TAMS 0x0000000094500000, 0x0000000094500000| Untracked 
|  54|0x0000000094600000, 0x0000000094600000, 0x0000000094700000|  0%| F|  |TAMS 0x0000000094600000, 0x0000000094600000| Untracked 
|  55|0x0000000094700000, 0x0000000094700000, 0x0000000094800000|  0%| F|  |TAMS 0x0000000094700000, 0x0000000094700000| Untracked 
|  56|0x0000000094800000, 0x0000000094800000, 0x0000000094900000|  0%| F|  |TAMS 0x0000000094800000, 0x0000000094800000| Untracked 
|  57|0x0000000094900000, 0x0000000094900000, 0x0000000094a00000|  0%| F|  |TAMS 0x0000000094900000, 0x0000000094900000| Untracked 
|  58|0x0000000094a00000, 0x0000000094a00000, 0x0000000094b00000|  0%| F|  |TAMS 0x0000000094a00000, 0x0000000094a00000| Untracked 
|  59|0x0000000094b00000, 0x0000000094b00000, 0x0000000094c00000|  0%| F|  |TAMS 0x0000000094b00000, 0x0000000094b00000| Untracked 
|  60|0x0000000094c00000, 0x0000000094c00000, 0x0000000094d00000|  0%| F|  |TAMS 0x0000000094c00000, 0x0000000094c00000| Untracked 
|  61|0x0000000094d00000, 0x0000000094d00000, 0x0000000094e00000|  0%| F|  |TAMS 0x0000000094d00000, 0x0000000094d00000| Untracked 
|  62|0x0000000094e00000, 0x0000000094e00000, 0x0000000094f00000|  0%| F|  |TAMS 0x0000000094e00000, 0x0000000094e00000| Untracked 
|  63|0x0000000094f00000, 0x0000000094f00000, 0x0000000095000000|  0%| F|  |TAMS 0x0000000094f00000, 0x0000000094f00000| Untracked 
|  64|0x0000000095000000, 0x0000000095000000, 0x0000000095100000|  0%| F|  |TAMS 0x0000000095000000, 0x0000000095000000| Untracked 
|  65|0x0000000095100000, 0x0000000095100000, 0x0000000095200000|  0%| F|  |TAMS 0x0000000095100000, 0x0000000095100000| Untracked 
|  66|0x0000000095200000, 0x0000000095200000, 0x0000000095300000|  0%| F|  |TAMS 0x0000000095200000, 0x0000000095200000| Untracked 
|  67|0x0000000095300000, 0x0000000095300000, 0x0000000095400000|  0%| F|  |TAMS 0x0000000095300000, 0x0000000095300000| Untracked 
|  68|0x0000000095400000, 0x0000000095400000, 0x0000000095500000|  0%| F|  |TAMS 0x0000000095400000, 0x0000000095400000| Untracked 
|  69|0x0000000095500000, 0x0000000095500000, 0x0000000095600000|  0%| F|  |TAMS 0x0000000095500000, 0x0000000095500000| Untracked 
|  70|0x0000000095600000, 0x0000000095600000, 0x0000000095700000|  0%| F|  |TAMS 0x0000000095600000, 0x0000000095600000| Untracked 
|  71|0x0000000095700000, 0x0000000095700000, 0x0000000095800000|  0%| F|  |TAMS 0x0000000095700000, 0x0000000095700000| Untracked 
|  72|0x0000000095800000, 0x0000000095800000, 0x0000000095900000|  0%| F|  |TAMS 0x0000000095800000, 0x0000000095800000| Untracked 
|  73|0x0000000095900000, 0x0000000095900000, 0x0000000095a00000|  0%| F|  |TAMS 0x0000000095900000, 0x0000000095900000| Untracked 
|  74|0x0000000095a00000, 0x0000000095a00000, 0x0000000095b00000|  0%| F|  |TAMS 0x0000000095a00000, 0x0000000095a00000| Untracked 
|  75|0x0000000095b00000, 0x0000000095b00000, 0x0000000095c00000|  0%| F|  |TAMS 0x0000000095b00000, 0x0000000095b00000| Untracked 
|  76|0x0000000095c00000, 0x0000000095c00000, 0x0000000095d00000|  0%| F|  |TAMS 0x0000000095c00000, 0x0000000095c00000| Untracked 
|  77|0x0000000095d00000, 0x0000000095d00000, 0x0000000095e00000|  0%| F|  |TAMS 0x0000000095d00000, 0x0000000095d00000| Untracked 
|  78|0x0000000095e00000, 0x0000000095e00000, 0x0000000095f00000|  0%| F|  |TAMS 0x0000000095e00000, 0x0000000095e00000| Untracked 
|  79|0x0000000095f00000, 0x0000000095f00000, 0x0000000096000000|  0%| F|  |TAMS 0x0000000095f00000, 0x0000000095f00000| Untracked 
|  80|0x0000000096000000, 0x0000000096000000, 0x0000000096100000|  0%| F|  |TAMS 0x0000000096000000, 0x0000000096000000| Untracked 
|  81|0x0000000096100000, 0x0000000096100000, 0x0000000096200000|  0%| F|  |TAMS 0x0000000096100000, 0x0000000096100000| Untracked 
|  82|0x0000000096200000, 0x0000000096200000, 0x0000000096300000|  0%| F|  |TAMS 0x0000000096200000, 0x0000000096200000| Untracked 
|  83|0x0000000096300000, 0x0000000096300000, 0x0000000096400000|  0%| F|  |TAMS 0x0000000096300000, 0x0000000096300000| Untracked 
|  84|0x0000000096400000, 0x0000000096400000, 0x0000000096500000|  0%| F|  |TAMS 0x0000000096400000, 0x0000000096400000| Untracked 
|  85|0x0000000096500000, 0x0000000096500000, 0x0000000096600000|  0%| F|  |TAMS 0x0000000096500000, 0x0000000096500000| Untracked 
|  86|0x0000000096600000, 0x0000000096600000, 0x0000000096700000|  0%| F|  |TAMS 0x0000000096600000, 0x0000000096600000| Untracked 
|  87|0x0000000096700000, 0x0000000096700000, 0x0000000096800000|  0%| F|  |TAMS 0x0000000096700000, 0x0000000096700000| Untracked 
|  88|0x0000000096800000, 0x0000000096800000, 0x0000000096900000|  0%| F|  |TAMS 0x0000000096800000, 0x0000000096800000| Untracked 
|  89|0x0000000096900000, 0x0000000096900000, 0x0000000096a00000|  0%| F|  |TAMS 0x0000000096900000, 0x0000000096900000| Untracked 
|  90|0x0000000096a00000, 0x0000000096a00000, 0x0000000096b00000|  0%| F|  |TAMS 0x0000000096a00000, 0x0000000096a00000| Untracked 
|  91|0x0000000096b00000, 0x0000000096b00000, 0x0000000096c00000|  0%| F|  |TAMS 0x0000000096b00000, 0x0000000096b00000| Untracked 
|  92|0x0000000096c00000, 0x0000000096c00000, 0x0000000096d00000|  0%| F|  |TAMS 0x0000000096c00000, 0x0000000096c00000| Untracked 
|  93|0x0000000096d00000, 0x0000000096d00000, 0x0000000096e00000|  0%| F|  |TAMS 0x0000000096d00000, 0x0000000096d00000| Untracked 
|  94|0x0000000096e00000, 0x0000000096e00000, 0x0000000096f00000|  0%| F|  |TAMS 0x0000000096e00000, 0x0000000096e00000| Untracked 
|  95|0x0000000096f00000, 0x0000000096f00000, 0x0000000097000000|  0%| F|  |TAMS 0x0000000096f00000, 0x0000000096f00000| Untracked 
|  96|0x0000000097000000, 0x0000000097000000, 0x0000000097100000|  0%| F|  |TAMS 0x0000000097000000, 0x0000000097000000| Untracked 
|  97|0x0000000097100000, 0x0000000097100000, 0x0000000097200000|  0%| F|  |TAMS 0x0000000097100000, 0x0000000097100000| Untracked 
|  98|0x0000000097200000, 0x0000000097200000, 0x0000000097300000|  0%| F|  |TAMS 0x0000000097200000, 0x0000000097200000| Untracked 
|  99|0x0000000097300000, 0x0000000097300000, 0x0000000097400000|  0%| F|  |TAMS 0x0000000097300000, 0x0000000097300000| Untracked 
| 100|0x0000000097400000, 0x0000000097400000, 0x0000000097500000|  0%| F|  |TAMS 0x0000000097400000, 0x0000000097400000| Untracked 
| 101|0x0000000097500000, 0x0000000097500000, 0x0000000097600000|  0%| F|  |TAMS 0x0000000097500000, 0x0000000097500000| Untracked 
| 102|0x0000000097600000, 0x0000000097600000, 0x0000000097700000|  0%| F|  |TAMS 0x0000000097600000, 0x0000000097600000| Untracked 
| 103|0x0000000097700000, 0x0000000097700000, 0x0000000097800000|  0%| F|  |TAMS 0x0000000097700000, 0x0000000097700000| Untracked 
| 104|0x0000000097800000, 0x0000000097800000, 0x0000000097900000|  0%| F|  |TAMS 0x0000000097800000, 0x0000000097800000| Untracked 
| 105|0x0000000097900000, 0x0000000097900000, 0x0000000097a00000|  0%| F|  |TAMS 0x0000000097900000, 0x0000000097900000| Untracked 
| 106|0x0000000097a00000, 0x0000000097a00000, 0x0000000097b00000|  0%| F|  |TAMS 0x0000000097a00000, 0x0000000097a00000| Untracked 
| 107|0x0000000097b00000, 0x0000000097b00000, 0x0000000097c00000|  0%| F|  |TAMS 0x0000000097b00000, 0x0000000097b00000| Untracked 
| 108|0x0000000097c00000, 0x0000000097c00000, 0x0000000097d00000|  0%| F|  |TAMS 0x0000000097c00000, 0x0000000097c00000| Untracked 
| 109|0x0000000097d00000, 0x0000000097d00000, 0x0000000097e00000|  0%| F|  |TAMS 0x0000000097d00000, 0x0000000097d00000| Untracked 
| 110|0x0000000097e00000, 0x0000000097e76478, 0x0000000097f00000| 46%| E|  |TAMS 0x0000000097e00000, 0x0000000097e00000| Complete 
| 111|0x0000000097f00000, 0x0000000098000000, 0x0000000098000000|100%| E|CS|TAMS 0x0000000097f00000, 0x0000000097f00000| Complete 

Card table byte_map: [0x000001b930a50000,0x000001b930dd0000] _byte_map_base: 0x000001b9305c8000

Marking Bits (Prev, Next): (CMBitMap*) 0x000001b91de58710, (CMBitMap*) 0x000001b91de58750
 Prev Bits: [0x000001b931150000, 0x000001b932d10000)
 Next Bits: [0x000001b932d10000, 0x000001b9348d0000)

Polling page: 0x000001b91bd60000

Metaspace:

Usage:
  Non-class:      3.45 MB used.
      Class:    315.66 KB used.
       Both:      3.76 MB used.

Virtual space:
  Non-class space:        8.00 MB reserved,       3.50 MB ( 44%) committed,  1 nodes.
      Class space:        1.00 GB reserved,     384.00 KB ( <1%) committed,  1 nodes.
              Both:        1.01 GB reserved,       3.88 MB ( <1%) committed. 

Chunk freelists:
   Non-Class:  3.98 MB
       Class:  3.62 MB
        Both:  7.60 MB

MaxMetaspaceSize: 17179869184.00 GB
CompressedClassSpaceSize: 1.00 GB
 - commit_granule_bytes: 65536.
 - commit_granule_words: 8192.
 - virtual_space_node_default_size: 1048576.
 - enlarge_chunks_in_place: 1.
 - new_chunks_are_fully_committed: 0.
 - uncommit_free_chunks: 1.
 - use_allocation_guard: 0.
 - handle_deallocations: 1.


Internal statistics:

num_allocs_failed_limit: 0.
num_arena_births: 4.
num_arena_deaths: 0.
num_vsnodes_births: 2.
num_vsnodes_deaths: 0.
num_space_committed: 62.
num_space_uncommitted: 0.
num_chunks_returned_to_freelist: 0.
num_chunks_taken_from_freelist: 10.
num_chunk_merges: 0.
num_chunk_splits: 4.
num_chunks_enlarged: 2.
num_purges: 0.

CodeHeap 'non-profiled nmethods': size=120000Kb used=12Kb max_used=12Kb free=119987Kb
 bounds [0x000001b928e70000, 0x000001b9290e0000, 0x000001b9303a0000]
CodeHeap 'profiled nmethods': size=120000Kb used=84Kb max_used=84Kb free=119915Kb
 bounds [0x000001b921940000, 0x000001b921bb0000, 0x000001b928e70000]
CodeHeap 'non-nmethods': size=5760Kb used=1039Kb max_used=1039Kb free=4720Kb
 bounds [0x000001b9213a0000, 0x000001b921610000, 0x000001b921940000]
 total_blobs=355 nmethods=66 adapters=202
 compilation: enabled
              stopped_count=0, restarted_count=0
 full_count=0

Compilation events (20 events):
Event: 0.117 Thread 0x000001b937d41a90   59       3       java.util.HashSet::add (20 bytes)
Event: 0.117 Thread 0x000001b937d41a90 nmethod 59 0x000001b921953390 code [0x000001b921953540, 0x000001b921953708]
Event: 0.117 Thread 0x000001b937d41a90   56       1       java.lang.module.ResolvedModule::configuration (5 bytes)
Event: 0.117 Thread 0x000001b937d41a90 nmethod 56 0x000001b928e72890 code [0x000001b928e72a20, 0x000001b928e72af8]
Event: 0.117 Thread 0x000001b937d41a90   58       1       java.lang.module.ModuleDescriptor$Exports::targets (5 bytes)
Event: 0.117 Thread 0x000001b937d41a90 nmethod 58 0x000001b928e72b90 code [0x000001b928e72d20, 0x000001b928e72df8]
Event: 0.117 Thread 0x000001b937d41a90   60       1       java.util.ImmutableCollections$Set12::isEmpty (2 bytes)
Event: 0.118 Thread 0x000001b937d41a90 nmethod 60 0x000001b928e72e90 code [0x000001b928e73020, 0x000001b928e730f8]
Event: 0.118 Thread 0x000001b937d41a90   61       3       java.util.ImmutableCollections$Set12::iterator (9 bytes)
Event: 0.118 Thread 0x000001b937d41a90 nmethod 61 0x000001b921953810 code [0x000001b9219539c0, 0x000001b921953c98]
Event: 0.118 Thread 0x000001b937d41a90   62       3       java.util.ImmutableCollections$Set12$1::<init> (32 bytes)
Event: 0.118 Thread 0x000001b937d41a90 nmethod 62 0x000001b921953d90 code [0x000001b921953f40, 0x000001b921954178]
Event: 0.124 Thread 0x000001b937d41a90   63       3       java.lang.AbstractStringBuilder::ensureCapacityInternal (39 bytes)
Event: 0.124 Thread 0x000001b937d41a90 nmethod 63 0x000001b921954290 code [0x000001b921954440, 0x000001b921954678]
Event: 0.130 Thread 0x000001b937d41a90   64       3       java.lang.String::isEmpty (14 bytes)
Event: 0.130 Thread 0x000001b937d41a90 nmethod 64 0x000001b921954790 code [0x000001b921954920, 0x000001b921954a98]
Event: 0.131 Thread 0x000001b937d41a90   65       3       java.lang.StringLatin1::canEncode (13 bytes)
Event: 0.131 Thread 0x000001b937d41a90 nmethod 65 0x000001b921954b90 code [0x000001b921954d20, 0x000001b921954e78]
Event: 0.131 Thread 0x000001b937d41a90   66       3       java.lang.Math::min (11 bytes)
Event: 0.131 Thread 0x000001b937d41a90 nmethod 66 0x000001b921954f10 code [0x000001b9219550a0, 0x000001b9219551d8]

GC Heap History (0 events):
No events

Deoptimization events (0 events):
No events

Classes unloaded (0 events):
No events

Classes redefined (0 events):
No events

Internal exceptions (0 events):
No events

Events (20 events):
Event: 0.129 loading class java/security/UnresolvedPermission done
Event: 0.129 loading class java/security/SecureClassLoader$DebugHolder
Event: 0.129 loading class java/security/SecureClassLoader$DebugHolder done
Event: 0.129 loading class sun/security/util/Debug
Event: 0.129 loading class sun/security/util/Debug done
Event: 0.130 loading class java/lang/PublicMethods$MethodList
Event: 0.130 loading class java/lang/PublicMethods$MethodList done
Event: 0.130 loading class java/lang/PublicMethods$Key
Event: 0.130 loading class java/lang/PublicMethods$Key done
Event: 0.130 loading class java/lang/Void
Event: 0.130 loading class java/lang/Void done
Event: 0.131 loading class java/lang/Math$RandomNumberGeneratorHolder
Event: 0.131 loading class java/lang/Math$RandomNumberGeneratorHolder done
Event: 0.131 loading class java/util/Random
Event: 0.132 loading class java/util/Random done
Event: 0.132 loading class java/util/concurrent/atomic/AtomicLong
Event: 0.132 loading class java/util/concurrent/atomic/AtomicLong done
Event: 0.134 loading class java/nio/CharBuffer
Event: 0.134 loading class java/lang/Readable
Event: 0.134 loading class java/lang/Readable done


Dynamic libraries:
0x00007ff628510000 - 0x00007ff62851e000 	C:\Users\damie\.p2\pool\plugins\org.eclipse.justj.openjdk.hotspot.jre.full.win32.x86_64_16.0.2.v20210721-1149\jre\bin\javaw.exe
0x00007ffd761f0000 - 0x00007ffd763e5000 	C:\WINDOWS\SYSTEM32\ntdll.dll
0x00007ffd74cd0000 - 0x00007ffd74d8e000 	C:\WINDOWS\System32\KERNEL32.DLL
0x00007ffd73ed0000 - 0x00007ffd74199000 	C:\WINDOWS\System32\KERNELBASE.dll
0x00007ffd73990000 - 0x00007ffd73a90000 	C:\WINDOWS\System32\ucrtbase.dll
0x00007ffd67690000 - 0x00007ffd676a9000 	C:\Users\damie\.p2\pool\plugins\org.eclipse.justj.openjdk.hotspot.jre.full.win32.x86_64_16.0.2.v20210721-1149\jre\bin\VCRUNTIME140.dll
0x00007ffd676e0000 - 0x00007ffd676f8000 	C:\Users\damie\.p2\pool\plugins\org.eclipse.justj.openjdk.hotspot.jre.full.win32.x86_64_16.0.2.v20210721-1149\jre\bin\jli.dll
0x00007ffd75fe0000 - 0x00007ffd76181000 	C:\WINDOWS\System32\USER32.dll
0x00007ffd73960000 - 0x00007ffd73982000 	C:\WINDOWS\System32\win32u.dll
0x00007ffd5cf90000 - 0x00007ffd5d22a000 	C:\WINDOWS\WinSxS\amd64_microsoft.windows.common-controls_6595b64144ccf1df_6.0.19041.1110_none_60b5254171f9507e\COMCTL32.dll
0x00007ffd75e80000 - 0x00007ffd75eab000 	C:\WINDOWS\System32\GDI32.dll
0x00007ffd74a20000 - 0x00007ffd74abe000 	C:\WINDOWS\System32\msvcrt.dll
0x00007ffd73c30000 - 0x00007ffd73d3b000 	C:\WINDOWS\System32\gdi32full.dll
0x00007ffd741a0000 - 0x00007ffd7423d000 	C:\WINDOWS\System32\msvcp_win.dll
0x00007ffd74ac0000 - 0x00007ffd74af0000 	C:\WINDOWS\System32\IMM32.DLL
0x00007ffd67c70000 - 0x00007ffd67c7c000 	C:\Users\damie\.p2\pool\plugins\org.eclipse.justj.openjdk.hotspot.jre.full.win32.x86_64_16.0.2.v20210721-1149\jre\bin\vcruntime140_1.dll
0x00007ffd51a90000 - 0x00007ffd51b21000 	C:\Users\damie\.p2\pool\plugins\org.eclipse.justj.openjdk.hotspot.jre.full.win32.x86_64_16.0.2.v20210721-1149\jre\bin\msvcp140.dll
0x00007ffd23d10000 - 0x00007ffd248bb000 	C:\Users\damie\.p2\pool\plugins\org.eclipse.justj.openjdk.hotspot.jre.full.win32.x86_64_16.0.2.v20210721-1149\jre\bin\server\jvm.dll
0x00007ffd75b50000 - 0x00007ffd75bfc000 	C:\WINDOWS\System32\ADVAPI32.dll
0x00007ffd75de0000 - 0x00007ffd75e7b000 	C:\WINDOWS\System32\sechost.dll
0x00007ffd75eb0000 - 0x00007ffd75fda000 	C:\WINDOWS\System32\RPCRT4.dll
0x00007ffd750a0000 - 0x00007ffd750a8000 	C:\WINDOWS\System32\PSAPI.DLL
0x00007ffd64c30000 - 0x00007ffd64c57000 	C:\WINDOWS\SYSTEM32\WINMM.dll
0x00007ffd6e190000 - 0x00007ffd6e199000 	C:\WINDOWS\SYSTEM32\WSOCK32.dll
0x00007ffd64c60000 - 0x00007ffd64c6a000 	C:\WINDOWS\SYSTEM32\VERSION.dll
0x00007ffd74af0000 - 0x00007ffd74b5b000 	C:\WINDOWS\System32\WS2_32.dll
0x00007ffd721e0000 - 0x00007ffd721f2000 	C:\WINDOWS\SYSTEM32\kernel.appcore.dll
0x00007ffd6a6d0000 - 0x00007ffd6a6da000 	C:\Users\damie\.p2\pool\plugins\org.eclipse.justj.openjdk.hotspot.jre.full.win32.x86_64_16.0.2.v20210721-1149\jre\bin\jimage.dll
0x00007ffd71c40000 - 0x00007ffd71e24000 	C:\WINDOWS\SYSTEM32\DBGHELP.DLL
0x00007ffd6abf0000 - 0x00007ffd6ac1c000 	C:\WINDOWS\SYSTEM32\dbgcore.DLL
0x00007ffd73ba0000 - 0x00007ffd73c23000 	C:\WINDOWS\System32\bcryptPrimitives.dll
0x00007ffd67be0000 - 0x00007ffd67c05000 	C:\Users\damie\.p2\pool\plugins\org.eclipse.justj.openjdk.hotspot.jre.full.win32.x86_64_16.0.2.v20210721-1149\jre\bin\java.dll
0x00007ffd683c0000 - 0x00007ffd683d8000 	C:\Users\damie\.p2\pool\plugins\org.eclipse.justj.openjdk.hotspot.jre.full.win32.x86_64_16.0.2.v20210721-1149\jre\bin\zip.dll
0x00007ffd75380000 - 0x00007ffd75abf000 	C:\WINDOWS\System32\SHELL32.dll
0x00007ffd713e0000 - 0x00007ffd71b70000 	C:\WINDOWS\SYSTEM32\windows.storage.dll
0x00007ffd74240000 - 0x00007ffd74595000 	C:\WINDOWS\System32\combase.dll
0x00007ffd73290000 - 0x00007ffd732bc000 	C:\WINDOWS\SYSTEM32\Wldp.dll
0x00007ffd752d0000 - 0x00007ffd7537d000 	C:\WINDOWS\System32\SHCORE.dll
0x00007ffd75c00000 - 0x00007ffd75c55000 	C:\WINDOWS\System32\shlwapi.dll
0x00007ffd73850000 - 0x00007ffd7386f000 	C:\WINDOWS\SYSTEM32\profapi.dll

dbghelp: loaded successfully - version: 4.0.5 - missing functions: none
symbol engine: initialized successfully - sym options: 0x614 - pdb path: .;C:\Users\damie\.p2\pool\plugins\org.eclipse.justj.openjdk.hotspot.jre.full.win32.x86_64_16.0.2.v20210721-1149\jre\bin;C:\WINDOWS\SYSTEM32;C:\WINDOWS\WinSxS\amd64_microsoft.windows.common-controls_6595b64144ccf1df_6.0.19041.1110_none_60b5254171f9507e;C:\Users\damie\.p2\pool\plugins\org.eclipse.justj.openjdk.hotspot.jre.full.win32.x86_64_16.0.2.v20210721-1149\jre\bin\server

VM Arguments:
jvm_args: -Dfile.encoding=Cp1252 -XX:+ShowCodeDetailsInExceptionMessages 
java_command: main.Main
java_class_path (initial): C:\Users\damie\OneDrive\Bureau\TPDamesJAVA\bin
Launcher Type: SUN_STANDARD

[Global flags]
     intx CICompilerCount                          = 4                                         {product} {ergonomic}
     uint ConcGCThreads                            = 2                                         {product} {ergonomic}
     uint G1ConcRefinementThreads                  = 8                                         {product} {ergonomic}
   size_t G1HeapRegionSize                         = 1048576                                   {product} {ergonomic}
    uintx GCDrainStackTargetSize                   = 64                                        {product} {ergonomic}
   size_t InitialHeapSize                          = 117440512                                 {product} {ergonomic}
   size_t MarkStackSize                            = 4194304                                   {product} {ergonomic}
   size_t MaxHeapSize                              = 1862270976                                {product} {ergonomic}
   size_t MaxNewSize                               = 1116733440                                {product} {ergonomic}
   size_t MinHeapDeltaBytes                        = 1048576                                   {product} {ergonomic}
   size_t MinHeapSize                              = 8388608                                   {product} {ergonomic}
    uintx NonNMethodCodeHeapSize                   = 5839372                                {pd product} {ergonomic}
    uintx NonProfiledCodeHeapSize                  = 122909434                              {pd product} {ergonomic}
    uintx ProfiledCodeHeapSize                     = 122909434                              {pd product} {ergonomic}
    uintx ReservedCodeCacheSize                    = 251658240                              {pd product} {ergonomic}
     bool SegmentedCodeCache                       = true                                      {product} {ergonomic}
     bool ShowCodeDetailsInExceptionMessages       = true                                   {manageable} {command line}
   size_t SoftMaxHeapSize                          = 1862270976                             {manageable} {ergonomic}
     bool UseCompressedClassPointers               = true                           {product lp64_product} {ergonomic}
     bool UseCompressedOops                        = true                           {product lp64_product} {ergonomic}
     bool UseG1GC                                  = true                                      {product} {ergonomic}
     bool UseLargePagesIndividualAllocation        = false                                  {pd product} {ergonomic}

Logging:
Log output configuration:
 #0: stdout all=warning uptime,level,tags
 #1: stderr all=off uptime,level,tags

Environment Variables:
PATH=C:/Users/damie/.p2/pool/plugins/org.eclipse.justj.openjdk.hotspot.jre.full.win32.x86_64_16.0.2.v20210721-1149/jre/bin/server;C:/Users/damie/.p2/pool/plugins/org.eclipse.justj.openjdk.hotspot.jre.full.win32.x86_64_16.0.2.v20210721-1149/jre/bin;C:\Program Files (x86)\VMware\VMware Workstation\bin\;C:\Program Files (x86)\Common Files\Oracle\Java\javapath;C:\WINDOWS\system32;C:\WINDOWS;C:\WINDOWS\System32\Wbem;C:\WINDOWS\System32\WindowsPowerShell\v1.0\;C:\WINDOWS\System32\OpenSSH\;C:\Go\bin;C:\Program Files\Git\cmd;C:\Program Files\PuTTY\;C:\ProgramData\chocolatey\bin;C:\Program Files\dotnet\;C:\Users\damie\AppData\Local\Programs\Python\Python37\Scripts\;C:\Users\damie\AppData\Local\Programs\Python\Python37\;C:\Program Files\Java\jdk1.8.0_261\bin;C:\Users\damie\go\bin;C:\Users\damie\AppData\Local\atom\bin;C:\Users\damie\AppData\Local\Programs\Microsoft VS Code\bin;C:\Users\damie\go\bin;C:\Users\damie\.dotnet\tools;C:\WINDOWS\System32;
USERNAME=damie
OS=Windows_NT
PROCESSOR_IDENTIFIER=AMD64 Family 23 Model 24 Stepping 1, AuthenticAMD



---------------  S Y S T E M  ---------------

OS:
 Windows 10 , 64 bit Build 19041 (10.0.19041.1202)
OS uptime: 36 days 0:11 hours

CPU: total 8 (initial active 8) (8 cores per cpu, 2 threads per core) family 23 model 24 stepping 1 microcode 0x0, cx8, cmov, fxsr, ht, mmx, 3dnowpref, sse, sse2, sse3, ssse3, sse4a, sse4.1, sse4.2, popcnt, lzcnt, tsc, tscinvbit, avx, avx2, aes, clmul, bmi1, bmi2, adx, sha, fma, vzeroupper, clflush, clflushopt

Memory: 4k page, system-wide physical 7103M (870M free)
TotalPageFile size 28607M (AvailPageFile size 0M)
current process WorkingSet (physical memory assigned to process): 27M, peak: 27M
current process commit charge ("private bytes"): 185M, peak: 185M

vm_info: OpenJDK 64-Bit Server VM (16.0.2+7-67) for windows-amd64 JRE (16.0.2+7-67), built on Jun  8 2021 23:21:43 by "mach5one" with MS VC++ 16.7 (VS2019)

END.
